<?xml version="1.0" encoding="UTF-8"?>
<testsuite xmlns:xsi="http://www.w3.org/2001/XMLSchema-instance" xsi:noNamespaceSchemaLocation="https://maven.apache.org/surefire/maven-surefire-plugin/xsd/surefire-test-report-3.0.xsd" version="3.0" name="com.example.auth.service.CustomUserDetailsServiceTest" time="0.272" tests="2" errors="0" skipped="0" failures="0">
  <properties>
[...]
</properties>
  <testcase name="loadUserByUsername_userNotFound_throwsException" classname="com.example.auth.service.CustomUserDetailsServiceTest" time="0.094"/>
  <testcase name="loadUserByUsername_userExists_returnsUserDetails" classname="com.example.auth.service.CustomUserDetailsServiceTest" time="0.177"/>
</testsuite>